19:32:23.391 [Worker-0] ERROR org.coocox.codb.common.log.ErrorLog - extraChecked  api exception!PUT API FAILED! 
PUT API FAILED! 
org.coocox.codb.client.core.api.ClientBaseApi.putRespCheck(ClientBaseApi.java:54)
org.coocox.codb.client.core.api.impl.ObjectExtraApiImpl.extraChecked(ObjectExtraApiImpl.java:39)
org.coocox.component.internal.core.database.ComponentDBCmdHandler.countCheckedComponent(ComponentDBCmdHandler.java:133)
org.coocox.integrate.component.table.listeners.ComponentItemCheckListener$1.run(ComponentItemCheckListener.java:229)
org.eclipse.core.internal.jobs.Worker.run(Worker.java:54)


19:32:23.932 [Worker-5] ERROR org.coocox.codb.common.log.ErrorLog - extraChecked  api exception!PUT API FAILED! 
PUT API FAILED! 
org.coocox.codb.client.core.api.ClientBaseApi.putRespCheck(ClientBaseApi.java:54)
org.coocox.codb.client.core.api.impl.ObjectExtraApiImpl.extraChecked(ObjectExtraApiImpl.java:39)
org.coocox.component.internal.core.database.ComponentDBCmdHandler.countCheckedComponent(ComponentDBCmdHandler.java:133)
org.coocox.integrate.component.table.listeners.ComponentItemCheckListener$1.run(ComponentItemCheckListener.java:229)
org.eclipse.core.internal.jobs.Worker.run(Worker.java:54)


19:32:26.996 [Worker-3] ERROR org.coocox.codb.common.log.ErrorLog - extraChecked  api exception!PUT API FAILED! 
PUT API FAILED! 
org.coocox.codb.client.core.api.ClientBaseApi.putRespCheck(ClientBaseApi.java:54)
org.coocox.codb.client.core.api.impl.ObjectExtraApiImpl.extraChecked(ObjectExtraApiImpl.java:39)
org.coocox.component.internal.core.database.ComponentDBCmdHandler.countCheckedComponent(ComponentDBCmdHandler.java:133)
org.coocox.integrate.component.table.listeners.ComponentItemCheckListener$1.run(ComponentItemCheckListener.java:229)
org.eclipse.core.internal.jobs.Worker.run(Worker.java:54)


19:32:28.645 [Worker-1] ERROR org.coocox.codb.common.log.ErrorLog - extraChecked  api exception!PUT API FAILED! 
PUT API FAILED! 
org.coocox.codb.client.core.api.ClientBaseApi.putRespCheck(ClientBaseApi.java:54)
org.coocox.codb.client.core.api.impl.ObjectExtraApiImpl.extraChecked(ObjectExtraApiImpl.java:39)
org.coocox.component.internal.core.database.ComponentDBCmdHandler.countCheckedComponent(ComponentDBCmdHandler.java:133)
org.coocox.integrate.component.table.listeners.ComponentItemCheckListener$1.run(ComponentItemCheckListener.java:229)
org.eclipse.core.internal.jobs.Worker.run(Worker.java:54)


19:36:42.518 [Worker-1] ERROR org.coocox.codb.common.log.ErrorLog - extraChecked  api exception!PUT API FAILED! 
PUT API FAILED! 
org.coocox.codb.client.core.api.ClientBaseApi.putRespCheck(ClientBaseApi.java:54)
org.coocox.codb.client.core.api.impl.ObjectExtraApiImpl.extraChecked(ObjectExtraApiImpl.java:39)
org.coocox.component.internal.core.database.ComponentDBCmdHandler.countCheckedComponent(ComponentDBCmdHandler.java:133)
org.coocox.integrate.component.table.listeners.ComponentItemCheckListener$1.run(ComponentItemCheckListener.java:229)
org.eclipse.core.internal.jobs.Worker.run(Worker.java:54)


19:36:44.640 [Worker-5] ERROR org.coocox.codb.common.log.ErrorLog - extraChecked  api exception!PUT API FAILED! 
PUT API FAILED! 
org.coocox.codb.client.core.api.ClientBaseApi.putRespCheck(ClientBaseApi.java:54)
org.coocox.codb.client.core.api.impl.ObjectExtraApiImpl.extraChecked(ObjectExtraApiImpl.java:39)
org.coocox.component.internal.core.database.ComponentDBCmdHandler.countCheckedComponent(ComponentDBCmdHandler.java:133)
org.coocox.integrate.component.table.listeners.ComponentItemCheckListener$1.run(ComponentItemCheckListener.java:229)
org.eclipse.core.internal.jobs.Worker.run(Worker.java:54)


